21-Feb-2023 09:51:44.228 INFO [main] org.apache.catalina.startup.VersionLoggerListener.log Server version name:   Apache Tomcat/10.1.5
21-Feb-2023 09:51:44.232 INFO [main] org.apache.catalina.startup.VersionLoggerListener.log Server built:          Jan 9 2023 19:52:50 UTC
21-Feb-2023 09:51:44.233 INFO [main] org.apache.catalina.startup.VersionLoggerListener.log Server version number: 10.1.5.0
21-Feb-2023 09:51:44.233 INFO [main] org.apache.catalina.startup.VersionLoggerListener.log OS Name:               Linux
21-Feb-2023 09:51:44.233 INFO [main] org.apache.catalina.startup.VersionLoggerListener.log OS Version:            6.1.12-arch1-1
21-Feb-2023 09:51:44.233 INFO [main] org.apache.catalina.startup.VersionLoggerListener.log Architecture:          amd64
21-Feb-2023 09:51:44.233 INFO [main] org.apache.catalina.startup.VersionLoggerListener.log Java Home:             /usr/lib/jvm/java-19-openjdk
21-Feb-2023 09:51:44.233 INFO [main] org.apache.catalina.startup.VersionLoggerListener.log JVM Version:           19.0.2+7
21-Feb-2023 09:51:44.233 INFO [main] org.apache.catalina.startup.VersionLoggerListener.log JVM Vendor:            Oracle Corporation
21-Feb-2023 09:51:44.233 INFO [main] org.apache.catalina.startup.VersionLoggerListener.log CATALINA_BASE:         /home/ellie/projects/csc435/blackjack
21-Feb-2023 09:51:44.233 INFO [main] org.apache.catalina.startup.VersionLoggerListener.log CATALINA_HOME:         /home/ellie/projects/csc435/blackjack
21-Feb-2023 09:51:44.246 INFO [main] org.apache.catalina.startup.VersionLoggerListener.log Command line argument: -Djava.util.logging.config.file=/home/ellie/projects/csc435/blackjack/conf/logging.properties
21-Feb-2023 09:51:44.246 INFO [main] org.apache.catalina.startup.VersionLoggerListener.log Command line argument: -Djava.util.logging.manager=org.apache.juli.ClassLoaderLogManager
21-Feb-2023 09:51:44.246 INFO [main] org.apache.catalina.startup.VersionLoggerListener.log Command line argument: -Djdk.tls.ephemeralDHKeySize=2048
21-Feb-2023 09:51:44.246 INFO [main] org.apache.catalina.startup.VersionLoggerListener.log Command line argument: -Djava.protocol.handler.pkgs=org.apache.catalina.webresources
21-Feb-2023 09:51:44.246 INFO [main] org.apache.catalina.startup.VersionLoggerListener.log Command line argument: -Dorg.apache.catalina.security.SecurityListener.UMASK=0027
21-Feb-2023 09:51:44.246 INFO [main] org.apache.catalina.startup.VersionLoggerListener.log Command line argument: --add-opens=java.base/java.lang=ALL-UNNAMED
21-Feb-2023 09:51:44.246 INFO [main] org.apache.catalina.startup.VersionLoggerListener.log Command line argument: --add-opens=java.base/java.io=ALL-UNNAMED
21-Feb-2023 09:51:44.246 INFO [main] org.apache.catalina.startup.VersionLoggerListener.log Command line argument: --add-opens=java.base/java.util=ALL-UNNAMED
21-Feb-2023 09:51:44.246 INFO [main] org.apache.catalina.startup.VersionLoggerListener.log Command line argument: --add-opens=java.base/java.util.concurrent=ALL-UNNAMED
21-Feb-2023 09:51:44.247 INFO [main] org.apache.catalina.startup.VersionLoggerListener.log Command line argument: --add-opens=java.rmi/sun.rmi.transport=ALL-UNNAMED
21-Feb-2023 09:51:44.247 INFO [main] org.apache.catalina.startup.VersionLoggerListener.log Command line argument: -Dcatalina.base=/home/ellie/projects/csc435/blackjack
21-Feb-2023 09:51:44.247 INFO [main] org.apache.catalina.startup.VersionLoggerListener.log Command line argument: -Dcatalina.home=/home/ellie/projects/csc435/blackjack
21-Feb-2023 09:51:44.247 INFO [main] org.apache.catalina.startup.VersionLoggerListener.log Command line argument: -Djava.io.tmpdir=/home/ellie/projects/csc435/blackjack/temp
21-Feb-2023 09:51:44.248 INFO [main] org.apache.catalina.core.AprLifecycleListener.lifecycleEvent The Apache Tomcat Native library which allows using OpenSSL was not found on the java.library.path: [/usr/java/packages/lib:/usr/lib64:/lib64:/lib:/usr/lib]
21-Feb-2023 09:51:44.494 INFO [main] org.apache.coyote.AbstractProtocol.init Initializing ProtocolHandler ["http-nio-8080"]
21-Feb-2023 09:51:44.516 INFO [main] org.apache.catalina.startup.Catalina.load Server initialization in [434] milliseconds
21-Feb-2023 09:51:44.555 INFO [main] org.apache.catalina.core.StandardService.startInternal Starting service [Catalina]
21-Feb-2023 09:51:44.555 INFO [main] org.apache.catalina.core.StandardEngine.startInternal Starting Servlet engine: [Apache Tomcat/10.1.5]
21-Feb-2023 09:51:44.562 INFO [main] org.apache.catalina.startup.HostConfig.deployDirectory Deploying web application directory [/home/ellie/projects/csc435/blackjack/webapps/manager]
21-Feb-2023 09:51:44.861 INFO [main] org.apache.catalina.startup.HostConfig.deployDirectory Deployment of web application directory [/home/ellie/projects/csc435/blackjack/webapps/manager] has finished in [299] ms
21-Feb-2023 09:51:44.861 INFO [main] org.apache.catalina.startup.HostConfig.deployDirectory Deploying web application directory [/home/ellie/projects/csc435/blackjack/webapps/ROOT]
21-Feb-2023 09:51:44.879 INFO [main] org.apache.catalina.startup.HostConfig.deployDirectory Deployment of web application directory [/home/ellie/projects/csc435/blackjack/webapps/ROOT] has finished in [18] ms
21-Feb-2023 09:51:44.879 INFO [main] org.apache.catalina.startup.HostConfig.deployDirectory Deploying web application directory [/home/ellie/projects/csc435/blackjack/webapps/blackjack]
21-Feb-2023 09:51:44.918 INFO [main] org.apache.catalina.startup.HostConfig.deployDirectory Deployment of web application directory [/home/ellie/projects/csc435/blackjack/webapps/blackjack] has finished in [38] ms
21-Feb-2023 09:51:44.918 INFO [main] org.apache.catalina.startup.HostConfig.deployDirectory Deploying web application directory [/home/ellie/projects/csc435/blackjack/webapps/host-manager]
21-Feb-2023 09:51:44.933 INFO [main] org.apache.catalina.startup.HostConfig.deployDirectory Deployment of web application directory [/home/ellie/projects/csc435/blackjack/webapps/host-manager] has finished in [15] ms
21-Feb-2023 09:51:44.934 INFO [main] org.apache.catalina.startup.HostConfig.deployDirectory Deploying web application directory [/home/ellie/projects/csc435/blackjack/webapps/examples]
21-Feb-2023 09:51:45.153 INFO [main] org.apache.catalina.startup.HostConfig.deployDirectory Deployment of web application directory [/home/ellie/projects/csc435/blackjack/webapps/examples] has finished in [219] ms
21-Feb-2023 09:51:45.153 INFO [main] org.apache.catalina.startup.HostConfig.deployDirectory Deploying web application directory [/home/ellie/projects/csc435/blackjack/webapps/docs]
21-Feb-2023 09:51:45.170 INFO [main] org.apache.catalina.startup.HostConfig.deployDirectory Deployment of web application directory [/home/ellie/projects/csc435/blackjack/webapps/docs] has finished in [16] ms
21-Feb-2023 09:51:45.172 INFO [main] org.apache.coyote.AbstractProtocol.start Starting ProtocolHandler ["http-nio-8080"]
21-Feb-2023 09:51:45.183 INFO [main] org.apache.catalina.startup.Catalina.start Server startup in [665] milliseconds
21-Feb-2023 09:51:53.835 INFO [http-nio-8080-exec-1] org.apache.tomcat.util.http.parser.Cookie.logInvalidHeader A cookie header was received [g_state={"i_l":0};] that contained an invalid cookie. That cookie will be ignored.
 Note: further occurrences of this error will be logged at DEBUG level.
