15-Feb-2023 17:13:13.836 INFO [main] org.apache.catalina.core.ApplicationContext.log ContextListener: contextInitialized()
15-Feb-2023 17:13:13.837 INFO [main] org.apache.catalina.core.ApplicationContext.log SessionListener: contextInitialized()
15-Feb-2023 17:13:13.837 INFO [main] org.apache.catalina.core.ApplicationContext.log ContextListener: attributeAdded('StockTicker', 'async.Stockticker@5bbbdd4b')
15-Feb-2023 17:14:44.899 INFO [Catalina-utility-1] org.apache.catalina.core.ApplicationContext.log SessionListener: contextDestroyed()
15-Feb-2023 17:14:44.900 INFO [Catalina-utility-1] org.apache.catalina.core.ApplicationContext.log ContextListener: contextDestroyed()
15-Feb-2023 17:18:46.986 INFO [main] org.apache.catalina.core.ApplicationContext.log ContextListener: contextInitialized()
15-Feb-2023 17:18:46.986 INFO [main] org.apache.catalina.core.ApplicationContext.log SessionListener: contextInitialized()
15-Feb-2023 17:18:46.987 INFO [main] org.apache.catalina.core.ApplicationContext.log ContextListener: attributeAdded('StockTicker', 'async.Stockticker@5987e932')
15-Feb-2023 17:19:30.353 INFO [main] org.apache.catalina.core.ApplicationContext.log SessionListener: contextDestroyed()
15-Feb-2023 17:19:30.353 INFO [main] org.apache.catalina.core.ApplicationContext.log ContextListener: contextDestroyed()
15-Feb-2023 17:28:07.398 INFO [main] org.apache.catalina.core.ApplicationContext.log ContextListener: contextInitialized()
15-Feb-2023 17:28:07.398 INFO [main] org.apache.catalina.core.ApplicationContext.log SessionListener: contextInitialized()
15-Feb-2023 17:28:07.398 INFO [main] org.apache.catalina.core.ApplicationContext.log ContextListener: attributeAdded('StockTicker', 'async.Stockticker@1fc793c2')
15-Feb-2023 18:30:08.097 INFO [main] org.apache.catalina.core.ApplicationContext.log SessionListener: contextDestroyed()
15-Feb-2023 18:30:08.097 INFO [main] org.apache.catalina.core.ApplicationContext.log ContextListener: contextDestroyed()
15-Feb-2023 18:30:14.652 INFO [main] org.apache.catalina.core.ApplicationContext.log ContextListener: contextInitialized()
15-Feb-2023 18:30:14.652 INFO [main] org.apache.catalina.core.ApplicationContext.log SessionListener: contextInitialized()
15-Feb-2023 18:30:14.653 INFO [main] org.apache.catalina.core.ApplicationContext.log ContextListener: attributeAdded('StockTicker', 'async.Stockticker@7577b641')
15-Feb-2023 18:32:58.541 INFO [main] org.apache.catalina.core.ApplicationContext.log SessionListener: contextDestroyed()
15-Feb-2023 18:32:58.541 INFO [main] org.apache.catalina.core.ApplicationContext.log ContextListener: contextDestroyed()
